2022-07-08 18:26:41.257  WARN [fraud,,] 1189 --- [main] o.s.boot.StartupInfoLogger               : InetAddress.getLocalHost().getHostName() took 5007 milliseconds to respond. Please verify your network configuration (macOS machines may need to add entries to /etc/hosts).
2022-07-08 18:26:46.273  INFO [fraud,,] 1189 --- [main] com.example.fraud.FraudApplication       : Starting FraudApplication using Java 1.8.0_292 on Liliias-MacBook-Pro.local with PID 1189 (/Users/liliia/Documents/microservices/fraud/target/classes started by liliia in /Users/liliia/Documents/microservices)
2022-07-08 18:26:46.278  INFO [fraud,,] 1189 --- [main] com.example.fraud.FraudApplication       : No active profile set, falling back to 1 default profile: "default"
2022-07-08 18:26:51.911  INFO [fraud,,] 1189 --- [main] .s.d.r.c.RepositoryConfigurationDelegate : Bootstrapping Spring Data JPA repositories in DEFAULT mode.
2022-07-08 18:26:52.275  INFO [fraud,,] 1189 --- [main] .s.d.r.c.RepositoryConfigurationDelegate : Finished Spring Data repository scanning in 345 ms. Found 1 JPA repository interfaces.
2022-07-08 18:26:54.119  INFO [fraud,,] 1189 --- [main] o.s.cloud.context.scope.GenericScope     : BeanFactory id=bddbc9ba-b7cb-3dbc-8a9d-223cb631fd6c
2022-07-08 18:26:56.933  INFO [fraud,,] 1189 --- [main] o.s.b.w.embedded.tomcat.TomcatWebServer  : Tomcat initialized with port(s): 9001 (http)
2022-07-08 18:26:56.962  INFO [fraud,,] 1189 --- [main] o.apache.catalina.core.StandardService   : Starting service [Tomcat]
2022-07-08 18:26:56.963  INFO [fraud,,] 1189 --- [main] org.apache.catalina.core.StandardEngine  : Starting Servlet engine: [Apache Tomcat/9.0.64]
2022-07-08 18:26:57.493  INFO [fraud,,] 1189 --- [main] o.a.c.c.C.[Tomcat].[localhost].[/]       : Initializing Spring embedded WebApplicationContext
2022-07-08 18:26:57.495  INFO [fraud,,] 1189 --- [main] w.s.c.ServletWebServerApplicationContext : Root WebApplicationContext: initialization completed in 10901 ms
2022-07-08 18:27:01.748  WARN [fraud,,] 1189 --- [pool-1-thread-1] o.s.c.s.a.z.ZipkinAutoConfiguration      : Check result of the [RestTemplateSender{http://localhost:9411/api/v2/spans}] contains an error [CheckResult{ok=false, error=org.springframework.web.client.ResourceAccessException: I/O error on POST request for "http://localhost:9411/api/v2/spans": Connection refused (Connection refused); nested exception is java.net.ConnectException: Connection refused (Connection refused)}]
2022-07-08 18:27:04.694  INFO [fraud,,] 1189 --- [main] o.hibernate.jpa.internal.util.LogHelper  : HHH000204: Processing PersistenceUnitInfo [name: default]
2022-07-08 18:27:04.790  INFO [fraud,,] 1189 --- [main] org.hibernate.Version                    : HHH000412: Hibernate ORM core version 5.6.9.Final
2022-07-08 18:27:05.054  INFO [fraud,,] 1189 --- [main] o.hibernate.annotations.common.Version   : HCANN000001: Hibernate Commons Annotations {5.1.2.Final}
2022-07-08 18:27:05.245  INFO [fraud,,] 1189 --- [main] com.zaxxer.hikari.HikariDataSource       : HikariPool-1 - Starting...
2022-07-08 18:27:05.683  INFO [fraud,,] 1189 --- [main] com.zaxxer.hikari.HikariDataSource       : HikariPool-1 - Start completed.
2022-07-08 18:27:05.713  INFO [fraud,,] 1189 --- [main] org.hibernate.dialect.Dialect            : HHH000400: Using dialect: org.hibernate.dialect.PostgreSQLDialect
2022-07-08 18:27:07.631  INFO [fraud,,] 1189 --- [main] o.h.e.t.j.p.i.JtaPlatformInitiator       : HHH000490: Using JtaPlatform implementation: [org.hibernate.engine.transaction.jta.platform.internal.NoJtaPlatform]
2022-07-08 18:27:07.662  INFO [fraud,,] 1189 --- [main] j.LocalContainerEntityManagerFactoryBean : Initialized JPA EntityManagerFactory for persistence unit 'default'
2022-07-08 18:27:10.026  WARN [fraud,,] 1189 --- [main] JpaBaseConfiguration$JpaWebConfiguration : spring.jpa.open-in-view is enabled by default. Therefore, database queries may be performed during view rendering. Explicitly configure spring.jpa.open-in-view to disable this warning
2022-07-08 18:27:13.700  INFO [fraud,,] 1189 --- [main] DiscoveryClientOptionalArgsConfiguration : Eureka HTTP Client uses RestTemplate.
2022-07-08 18:27:14.261  WARN [fraud,,] 1189 --- [main] iguration$LoadBalancerCaffeineWarnLogger : Spring Cloud LoadBalancer is currently working with the default cache. While this cache implementation is useful for development and tests, it's recommended to use Caffeine cache in production.You can switch to using Caffeine cache, by adding it and org.springframework.cache.caffeine.CaffeineCacheManager to the classpath.
2022-07-08 18:27:14.727  INFO [fraud,,] 1189 --- [main] o.s.b.a.e.web.EndpointLinksResolver      : Exposing 18 endpoint(s) beneath base path '/actuator'
2022-07-08 18:27:14.962  INFO [fraud,,] 1189 --- [main] o.s.c.n.eureka.InstanceInfoFactory       : Setting initial instance status as: STARTING
2022-07-08 18:27:15.100  INFO [fraud,,] 1189 --- [main] com.netflix.discovery.DiscoveryClient    : Initializing Eureka in region us-east-1
2022-07-08 18:27:15.104  INFO [fraud,,] 1189 --- [main] c.n.d.s.r.aws.ConfigClusterResolver      : Resolving eureka endpoints via configuration
2022-07-08 18:27:15.141  INFO [fraud,,] 1189 --- [main] com.netflix.discovery.DiscoveryClient    : Disable delta property : false
2022-07-08 18:27:15.141  INFO [fraud,,] 1189 --- [main] com.netflix.discovery.DiscoveryClient    : Single vip registry refresh property : null
2022-07-08 18:27:15.141  INFO [fraud,,] 1189 --- [main] com.netflix.discovery.DiscoveryClient    : Force full registry fetch : false
2022-07-08 18:27:15.141  INFO [fraud,,] 1189 --- [main] com.netflix.discovery.DiscoveryClient    : Application is null : false
2022-07-08 18:27:15.141  INFO [fraud,,] 1189 --- [main] com.netflix.discovery.DiscoveryClient    : Registered Applications size is zero : true
2022-07-08 18:27:15.141  INFO [fraud,,] 1189 --- [main] com.netflix.discovery.DiscoveryClient    : Application version is -1: true
2022-07-08 18:27:15.141  INFO [fraud,,] 1189 --- [main] com.netflix.discovery.DiscoveryClient    : Getting all instance registry info from the eureka server
2022-07-08 18:27:15.584  INFO [fraud,,] 1189 --- [main] com.netflix.discovery.DiscoveryClient    : The response status is 200
2022-07-08 18:27:15.601  INFO [fraud,,] 1189 --- [main] com.netflix.discovery.DiscoveryClient    : Starting heartbeat executor: renew interval is: 30
2022-07-08 18:27:15.607  INFO [fraud,,] 1189 --- [main] c.n.discovery.InstanceInfoReplicator     : InstanceInfoReplicator onDemand update allowed rate per min is 4
2022-07-08 18:27:15.622  INFO [fraud,,] 1189 --- [main] com.netflix.discovery.DiscoveryClient    : Discovery Client initialized at timestamp 1657297635616 with initial instances count: 0
2022-07-08 18:27:15.675  INFO [fraud,,] 1189 --- [main] o.s.c.n.e.s.EurekaServiceRegistry        : Registering application FRAUD with eureka with status UP
2022-07-08 18:27:15.680  INFO [fraud,,] 1189 --- [main] com.netflix.discovery.DiscoveryClient    : Saw local status change event StatusChangeEvent [timestamp=1657297635680, current=UP, previous=STARTING]
2022-07-08 18:27:15.685  INFO [fraud,,] 1189 --- [DiscoveryClient-InstanceInfoReplicator-0] com.netflix.discovery.DiscoveryClient    : DiscoveryClient_FRAUD/192.168.1.128:fraud:9001: registering service...
2022-07-08 18:27:15.808  INFO [fraud,,] 1189 --- [main] o.s.b.w.embedded.tomcat.TomcatWebServer  : Tomcat started on port(s): 9001 (http) with context path ''
2022-07-08 18:27:15.863  INFO [fraud,,] 1189 --- [main] .s.c.n.e.s.EurekaAutoServiceRegistration : Updating port to 9001
2022-07-08 18:27:15.939  INFO [fraud,,] 1189 --- [DiscoveryClient-InstanceInfoReplicator-0] com.netflix.discovery.DiscoveryClient    : DiscoveryClient_FRAUD/192.168.1.128:fraud:9001 - registration status: 204
2022-07-08 18:27:16.016  INFO [fraud,,] 1189 --- [main] com.example.fraud.FraudApplication       : Started FraudApplication in 51.333 seconds (JVM running for 52.057)
2022-07-08 18:27:31.108  INFO [fraud,,] 1189 --- [registrationTask1] d.c.b.a.c.r.ApplicationRegistrator       : Application registered itself as 216282095a14
2022-07-08 18:27:31.174  INFO [fraud,fc89714bc49a0571,fc89714bc49a0571] 1189 --- [http-nio-9001-exec-1] o.a.c.c.C.[Tomcat].[localhost].[/]       : Initializing Spring DispatcherServlet 'dispatcherServlet'
2022-07-08 18:27:31.175  INFO [fraud,fc89714bc49a0571,fc89714bc49a0571] 1189 --- [http-nio-9001-exec-1] o.s.web.servlet.DispatcherServlet        : Initializing Servlet 'dispatcherServlet'
2022-07-08 18:27:31.176  INFO [fraud,fc89714bc49a0571,fc89714bc49a0571] 1189 --- [http-nio-9001-exec-1] o.s.web.servlet.DispatcherServlet        : Completed initialization in 1 ms
2022-07-08 18:27:45.611  INFO [fraud,,] 1189 --- [DiscoveryClient-CacheRefreshExecutor-0] com.netflix.discovery.DiscoveryClient    : Disable delta property : false
2022-07-08 18:27:45.618  INFO [fraud,,] 1189 --- [DiscoveryClient-CacheRefreshExecutor-0] com.netflix.discovery.DiscoveryClient    : Single vip registry refresh property : null
2022-07-08 18:27:45.619  INFO [fraud,,] 1189 --- [DiscoveryClient-CacheRefreshExecutor-0] com.netflix.discovery.DiscoveryClient    : Force full registry fetch : false
2022-07-08 18:27:45.619  INFO [fraud,,] 1189 --- [DiscoveryClient-CacheRefreshExecutor-0] com.netflix.discovery.DiscoveryClient    : Application is null : false
2022-07-08 18:27:45.619  INFO [fraud,,] 1189 --- [DiscoveryClient-CacheRefreshExecutor-0] com.netflix.discovery.DiscoveryClient    : Registered Applications size is zero : true
2022-07-08 18:27:45.619  INFO [fraud,,] 1189 --- [DiscoveryClient-CacheRefreshExecutor-0] com.netflix.discovery.DiscoveryClient    : Application version is -1: false
2022-07-08 18:27:45.619  INFO [fraud,,] 1189 --- [DiscoveryClient-CacheRefreshExecutor-0] com.netflix.discovery.DiscoveryClient    : Getting all instance registry info from the eureka server
2022-07-08 18:27:45.689  INFO [fraud,,] 1189 --- [DiscoveryClient-CacheRefreshExecutor-0] com.netflix.discovery.DiscoveryClient    : The response status is 200
2022-07-08 18:29:55.375  INFO [fraud,7e766f90262f076c,78f57c394d277708] 1189 --- [http-nio-9001-exec-2] c.e.fraud.service.FraudCheckService      : Fraud check FraudCheckHistory(id=452, customerId=852, isFraudster=false, createdAt=2022-07-08T18:29:55.225) was saved for customer 852
2022-07-08 18:29:55.377  INFO [fraud,7e766f90262f076c,78f57c394d277708] 1189 --- [http-nio-9001-exec-2] c.e.fraud.api.FraudCheckController       : Fraud check request for customer 852
2022-07-08 18:29:56.431  WARN [fraud,,] 1189 --- [AsyncReporter{RestTemplateSender{http://localhost:9411/api/v2/spans}}] z.r.AsyncReporter$BoundedAsyncReporter   : Spans were dropped due to exceptions. All subsequent errors will be logged at FINE level.
2022-07-08 18:29:56.443  WARN [fraud,,] 1189 --- [AsyncReporter{RestTemplateSender{http://localhost:9411/api/v2/spans}}] z.r.AsyncReporter$BoundedAsyncReporter   : Dropped 1 spans due to ResourceAccessException(I/O error on POST request for "http://localhost:9411/api/v2/spans": Connection refused (Connection refused); nested exception is java.net.ConnectException: Connection refused (Connection refused))

org.springframework.web.client.ResourceAccessException: I/O error on POST request for "http://localhost:9411/api/v2/spans": Connection refused (Connection refused); nested exception is java.net.ConnectException: Connection refused (Connection refused)
	at org.springframework.web.client.RestTemplate.doExecute(RestTemplate.java:785) ~[spring-web-5.3.21.jar:5.3.21]
	at org.springframework.cloud.sleuth.zipkin2.ZipkinRestTemplateWrapper.doExecute(ZipkinRestTemplateWrapper.java:67) ~[spring-cloud-sleuth-zipkin-3.1.3.jar:3.1.3]
	at org.springframework.web.client.RestTemplate.exchange(RestTemplate.java:660) ~[spring-web-5.3.21.jar:5.3.21]
	at org.springframework.cloud.sleuth.zipkin2.RestTemplateSender.post(RestTemplateSender.java:51) ~[spring-cloud-sleuth-zipkin-3.1.3.jar:3.1.3]
	at org.springframework.cloud.sleuth.zipkin2.RestTemplateSender.lambda$new$0(RestTemplateSender.java:44) ~[spring-cloud-sleuth-zipkin-3.1.3.jar:3.1.3]
	at org.springframework.cloud.sleuth.zipkin2.HttpSender.post(HttpSender.java:137) ~[spring-cloud-sleuth-zipkin-3.1.3.jar:3.1.3]
	at org.springframework.cloud.sleuth.zipkin2.HttpSender$HttpPostCall.doExecute(HttpSender.java:150) ~[spring-cloud-sleuth-zipkin-3.1.3.jar:3.1.3]
	at org.springframework.cloud.sleuth.zipkin2.HttpSender$HttpPostCall.doExecute(HttpSender.java:140) ~[spring-cloud-sleuth-zipkin-3.1.3.jar:3.1.3]
	at zipkin2.Call$Base.execute(Call.java:391) ~[zipkin-2.23.2.jar:na]
	at zipkin2.reporter.AsyncReporter$BoundedAsyncReporter.flush(AsyncReporter.java:299) ~[zipkin-reporter-2.16.3.jar:na]
	at zipkin2.reporter.AsyncReporter$Flusher.run(AsyncReporter.java:378) [zipkin-reporter-2.16.3.jar:na]
	at java.lang.Thread.run(Thread.java:748) [na:1.8.0_292]
Caused by: java.net.ConnectException: Connection refused (Connection refused)
	at java.net.PlainSocketImpl.socketConnect(Native Method) ~[na:1.8.0_292]
	at java.net.AbstractPlainSocketImpl.doConnect(AbstractPlainSocketImpl.java:350) ~[na:1.8.0_292]
	at java.net.AbstractPlainSocketImpl.connectToAddress(AbstractPlainSocketImpl.java:206) ~[na:1.8.0_292]
	at java.net.AbstractPlainSocketImpl.connect(AbstractPlainSocketImpl.java:188) ~[na:1.8.0_292]
	at java.net.SocksSocketImpl.connect(SocksSocketImpl.java:392) ~[na:1.8.0_292]
	at java.net.Socket.connect(Socket.java:607) ~[na:1.8.0_292]
	at sun.net.NetworkClient.doConnect(NetworkClient.java:175) ~[na:1.8.0_292]
	at sun.net.www.http.HttpClient.openServer(HttpClient.java:463) ~[na:1.8.0_292]
	at sun.net.www.http.HttpClient.openServer(HttpClient.java:558) ~[na:1.8.0_292]
	at sun.net.www.http.HttpClient.<init>(HttpClient.java:242) ~[na:1.8.0_292]
	at sun.net.www.http.HttpClient.New(HttpClient.java:339) ~[na:1.8.0_292]
	at sun.net.www.http.HttpClient.New(HttpClient.java:357) ~[na:1.8.0_292]
	at sun.net.www.protocol.http.HttpURLConnection.getNewHttpClient(HttpURLConnection.java:1226) ~[na:1.8.0_292]
	at sun.net.www.protocol.http.HttpURLConnection.plainConnect0(HttpURLConnection.java:1162) ~[na:1.8.0_292]
	at sun.net.www.protocol.http.HttpURLConnection.plainConnect(HttpURLConnection.java:1056) ~[na:1.8.0_292]
	at sun.net.www.protocol.http.HttpURLConnection.connect(HttpURLConnection.java:990) ~[na:1.8.0_292]
	at org.springframework.http.client.SimpleBufferingClientHttpRequest.executeInternal(SimpleBufferingClientHttpRequest.java:76) ~[spring-web-5.3.21.jar:5.3.21]
	at org.springframework.http.client.AbstractBufferingClientHttpRequest.executeInternal(AbstractBufferingClientHttpRequest.java:48) ~[spring-web-5.3.21.jar:5.3.21]
	at org.springframework.http.client.AbstractClientHttpRequest.execute(AbstractClientHttpRequest.java:66) ~[spring-web-5.3.21.jar:5.3.21]
	at org.springframework.web.client.RestTemplate.doExecute(RestTemplate.java:776) ~[spring-web-5.3.21.jar:5.3.21]
	... 11 common frames omitted

2022-07-08 18:31:12.266  INFO [fraud,889fb880cc49bc20,86a97a12ffc1e605] 1189 --- [http-nio-9001-exec-9] c.e.fraud.service.FraudCheckService      : Fraud check FraudCheckHistory(id=453, customerId=902, isFraudster=false, createdAt=2022-07-08T18:31:12.253) was saved for customer 902
2022-07-08 18:31:12.268  INFO [fraud,889fb880cc49bc20,86a97a12ffc1e605] 1189 --- [http-nio-9001-exec-9] c.e.fraud.api.FraudCheckController       : Fraud check request for customer 902
2022-07-08 18:32:03.819  INFO [fraud,1345d0cbee048443,7543aa4ffff546a5] 1189 --- [http-nio-9001-exec-2] c.e.fraud.service.FraudCheckService      : Fraud check FraudCheckHistory(id=454, customerId=903, isFraudster=false, createdAt=2022-07-08T18:32:03.808) was saved for customer 903
2022-07-08 18:32:03.820  INFO [fraud,1345d0cbee048443,7543aa4ffff546a5] 1189 --- [http-nio-9001-exec-2] c.e.fraud.api.FraudCheckController       : Fraud check request for customer 903
2022-07-08 18:32:15.154  INFO [fraud,,] 1189 --- [AsyncResolver-bootstrap-executor-0] c.n.d.s.r.aws.ConfigClusterResolver      : Resolving eureka endpoints via configuration
2022-07-08 18:34:02.280  WARN [fraud,,] 1189 --- [registrationTask1] d.c.b.a.c.r.ApplicationRegistrator       : Failed to register application as Application(name=fraud, managementUrl=http://192.168.1.128:9001/actuator, healthUrl=http://192.168.1.128:9001/actuator/health, serviceUrl=http://192.168.1.128:9001/) at spring-boot-admin ([http://localhost:9080/instances]): I/O error on POST request for "http://localhost:9080/instances": Connect to localhost:9080 [localhost/127.0.0.1, localhost/0:0:0:0:0:0:0:1] failed: Connection refused (Connection refused); nested exception is org.apache.http.conn.HttpHostConnectException: Connect to localhost:9080 [localhost/127.0.0.1, localhost/0:0:0:0:0:0:0:1] failed: Connection refused (Connection refused). Further attempts are logged on DEBUG level
2022-07-08 18:37:15.161  INFO [fraud,,] 1189 --- [AsyncResolver-bootstrap-executor-0] c.n.d.s.r.aws.ConfigClusterResolver      : Resolving eureka endpoints via configuration
2022-07-08 18:37:36.010  INFO [fraud,fd4cc9802af9a6ee,bca8f870cdf2e546] 1189 --- [http-nio-9001-exec-7] c.e.fraud.service.FraudCheckService      : Fraud check FraudCheckHistory(id=455, customerId=904, isFraudster=false, createdAt=2022-07-08T18:37:35.989) was saved for customer 904
2022-07-08 18:37:36.014  INFO [fraud,fd4cc9802af9a6ee,bca8f870cdf2e546] 1189 --- [http-nio-9001-exec-7] c.e.fraud.api.FraudCheckController       : Fraud check request for customer 904
2022-07-08 18:41:06.267  INFO [fraud,8c39740ea8cf2425,a8f47b07a18dca57] 1189 --- [http-nio-9001-exec-2] c.e.fraud.service.FraudCheckService      : Fraud check FraudCheckHistory(id=456, customerId=905, isFraudster=false, createdAt=2022-07-08T18:41:06.251) was saved for customer 905
2022-07-08 18:41:06.269  INFO [fraud,8c39740ea8cf2425,a8f47b07a18dca57] 1189 --- [http-nio-9001-exec-2] c.e.fraud.api.FraudCheckController       : Fraud check request for customer 905
2022-07-08 18:42:15.171  INFO [fraud,,] 1189 --- [AsyncResolver-bootstrap-executor-0] c.n.d.s.r.aws.ConfigClusterResolver      : Resolving eureka endpoints via configuration
2022-07-08 18:45:53.112  INFO [fraud,3b6b07807111e8c3,3b6b07807111e8c3] 1189 --- [http-nio-9001-exec-2] c.e.fraud.service.FraudCheckService      : Fraud check FraudCheckHistory(id=457, customerId=602, isFraudster=false, createdAt=2022-07-08T18:45:53.093) was saved for customer 602
2022-07-08 18:45:53.114  INFO [fraud,3b6b07807111e8c3,3b6b07807111e8c3] 1189 --- [http-nio-9001-exec-2] c.e.fraud.api.FraudCheckController       : Fraud check request for customer 602
2022-07-08 18:47:15.171  INFO [fraud,,] 1189 --- [AsyncResolver-bootstrap-executor-0] c.n.d.s.r.aws.ConfigClusterResolver      : Resolving eureka endpoints via configuration
2022-07-08 18:52:15.179  INFO [fraud,,] 1189 --- [AsyncResolver-bootstrap-executor-0] c.n.d.s.r.aws.ConfigClusterResolver      : Resolving eureka endpoints via configuration
2022-07-08 18:56:44.887  INFO [fraud,2ec511e6c110ae01,a35288db2a3fa90a] 1189 --- [http-nio-9001-exec-2] c.e.fraud.service.FraudCheckService      : Fraud check FraudCheckHistory(id=458, customerId=952, isFraudster=false, createdAt=2022-07-08T18:56:44.871) was saved for customer 952
2022-07-08 18:56:44.890  INFO [fraud,2ec511e6c110ae01,a35288db2a3fa90a] 1189 --- [http-nio-9001-exec-2] c.e.fraud.api.FraudCheckController       : Fraud check request for customer 952
2022-07-08 18:57:15.190  INFO [fraud,,] 1189 --- [AsyncResolver-bootstrap-executor-0] c.n.d.s.r.aws.ConfigClusterResolver      : Resolving eureka endpoints via configuration
2022-07-08 18:58:17.667  INFO [fraud,6e7a78d0dc26acb8,094faf93ae37e081] 1189 --- [http-nio-9001-exec-9] c.e.fraud.service.FraudCheckService      : Fraud check FraudCheckHistory(id=459, customerId=953, isFraudster=false, createdAt=2022-07-08T18:58:17.648) was saved for customer 953
2022-07-08 18:58:17.669  INFO [fraud,6e7a78d0dc26acb8,094faf93ae37e081] 1189 --- [http-nio-9001-exec-9] c.e.fraud.api.FraudCheckController       : Fraud check request for customer 953
2022-07-08 19:02:15.196  INFO [fraud,,] 1189 --- [AsyncResolver-bootstrap-executor-0] c.n.d.s.r.aws.ConfigClusterResolver      : Resolving eureka endpoints via configuration
2022-07-08 19:07:15.223  INFO [fraud,,] 1189 --- [AsyncResolver-bootstrap-executor-0] c.n.d.s.r.aws.ConfigClusterResolver      : Resolving eureka endpoints via configuration
2022-07-08 19:12:26.503  INFO [fraud,,] 1189 --- [AsyncResolver-bootstrap-executor-0] c.n.d.s.r.aws.ConfigClusterResolver      : Resolving eureka endpoints via configuration
2022-07-08 19:16:08.247  INFO [fraud,418fb2b434369bd1,9622276a60668c04] 1189 --- [http-nio-9001-exec-10] c.e.fraud.service.FraudCheckService      : Fraud check FraudCheckHistory(id=460, customerId=1002, isFraudster=false, createdAt=2022-07-08T19:16:08.216) was saved for customer 1002
2022-07-08 19:16:08.248  INFO [fraud,418fb2b434369bd1,9622276a60668c04] 1189 --- [http-nio-9001-exec-10] c.e.fraud.api.FraudCheckController       : Fraud check request for customer 1002
2022-07-08 19:16:26.827  WARN [fraud,,] 1189 --- [HikariPool-1 housekeeper] com.zaxxer.hikari.pool.HikariPool        : HikariPool-1 - Thread starvation or clock leap detected (housekeeper delta=2m9s356ms).
2022-07-08 19:19:05.854  INFO [fraud,,] 1189 --- [AsyncResolver-bootstrap-executor-0] c.n.d.s.r.aws.ConfigClusterResolver      : Resolving eureka endpoints via configuration
2022-07-08 19:22:04.814  INFO [fraud,c74718c423f9a0a8,2caef6611f1d30a6] 1189 --- [http-nio-9001-exec-3] c.e.fraud.service.FraudCheckService      : Fraud check FraudCheckHistory(id=461, customerId=1052, isFraudster=false, createdAt=2022-07-08T19:22:04.799) was saved for customer 1052
2022-07-08 19:22:04.817  INFO [fraud,c74718c423f9a0a8,2caef6611f1d30a6] 1189 --- [http-nio-9001-exec-3] c.e.fraud.api.FraudCheckController       : Fraud check request for customer 1052
2022-07-08 19:24:05.864  INFO [fraud,,] 1189 --- [AsyncResolver-bootstrap-executor-0] c.n.d.s.r.aws.ConfigClusterResolver      : Resolving eureka endpoints via configuration
2022-07-08 19:29:05.874  INFO [fraud,,] 1189 --- [AsyncResolver-bootstrap-executor-0] c.n.d.s.r.aws.ConfigClusterResolver      : Resolving eureka endpoints via configuration
